2021-04-22 21:35:15,527 - __main__ - INFO - This is a log info
2021-04-22 21:35:15,527 - __main__ - WARNING - Warning exists
2021-04-22 21:35:15,527 - __main__ - INFO - Finish
2021-04-22 21:36:32,971 - __main__ - INFO - This is a log info
2021-04-22 21:36:32,971 - __main__ - DEBUG - Debugging
2021-04-22 21:36:32,971 - __main__ - WARNING - Warning exists
2021-04-22 21:36:32,971 - __main__ - INFO - Finish
2021-04-22 21:36:38,525 - __main__ - INFO - This is a log info
2021-04-22 21:36:38,525 - __main__ - DEBUG - Debugging
2021-04-22 21:36:38,525 - __main__ - WARNING - Warning exists
2021-04-22 21:36:38,525 - __main__ - INFO - Finish
2021-04-22 21:36:39,398 - __main__ - INFO - This is a log info
2021-04-22 21:36:39,398 - __main__ - DEBUG - Debugging
2021-04-22 21:36:39,398 - __main__ - WARNING - Warning exists
2021-04-22 21:36:39,398 - __main__ - INFO - Finish
2021-04-22 21:37:34,636 - __main__ - INFO - This is a log info
2021-04-22 21:37:34,636 - __main__ - DEBUG - Debugging
2021-04-22 21:37:34,636 - __main__ - WARNING - Warning exists
2021-04-22 21:37:34,636 - __main__ - INFO - Finish
2021-04-22 21:37:34,636 - __main__ - INFO - 0
2021-04-22 21:37:34,636 - __main__ - INFO - 1
2021-04-22 21:37:34,636 - __main__ - INFO - 2
2021-04-22 21:37:34,636 - __main__ - INFO - 3
2021-04-22 21:37:34,637 - __main__ - INFO - 4
2021-04-22 21:37:34,637 - __main__ - INFO - 5
2021-04-22 21:37:34,637 - __main__ - INFO - 6
2021-04-22 21:37:34,637 - __main__ - INFO - 7
2021-04-22 21:37:34,637 - __main__ - INFO - 8
2021-04-22 21:37:34,637 - __main__ - INFO - 9
2021-04-22 21:37:34,637 - __main__ - INFO - 10
2021-04-22 21:37:34,637 - __main__ - INFO - 11
2021-04-22 21:37:34,637 - __main__ - INFO - 12
2021-04-22 21:37:34,637 - __main__ - INFO - 13
2021-04-22 21:37:34,637 - __main__ - INFO - 14
2021-04-22 21:37:34,637 - __main__ - INFO - 15
2021-04-22 21:37:34,637 - __main__ - INFO - 16
2021-04-22 21:37:34,637 - __main__ - INFO - 17
2021-04-22 21:37:34,637 - __main__ - INFO - 18
2021-04-22 21:37:34,637 - __main__ - INFO - 19
2021-04-22 21:37:34,637 - __main__ - INFO - 20
2021-04-22 21:37:34,637 - __main__ - INFO - 21
2021-04-22 21:37:34,637 - __main__ - INFO - 22
2021-04-22 21:37:34,637 - __main__ - INFO - 23
2021-04-22 21:37:34,637 - __main__ - INFO - 24
2021-04-22 21:37:34,638 - __main__ - INFO - 25
2021-04-22 21:37:34,638 - __main__ - INFO - 26
2021-04-22 21:37:34,638 - __main__ - INFO - 27
2021-04-22 21:37:34,638 - __main__ - INFO - 28
2021-04-22 21:37:34,638 - __main__ - INFO - 29
2021-04-22 21:37:34,638 - __main__ - INFO - 30
2021-04-22 21:37:34,638 - __main__ - INFO - 31
2021-04-22 21:37:34,638 - __main__ - INFO - 32
2021-04-22 21:37:34,638 - __main__ - INFO - 33
2021-04-22 21:37:34,638 - __main__ - INFO - 34
2021-04-22 21:37:34,638 - __main__ - INFO - 35
2021-04-22 21:37:34,638 - __main__ - INFO - 36
2021-04-22 21:37:34,638 - __main__ - INFO - 37
2021-04-22 21:37:34,638 - __main__ - INFO - 38
2021-04-22 21:37:34,638 - __main__ - INFO - 39
2021-04-22 21:37:34,638 - __main__ - INFO - 40
2021-04-22 21:37:34,638 - __main__ - INFO - 41
2021-04-22 21:37:34,638 - __main__ - INFO - 42
2021-04-22 21:37:34,638 - __main__ - INFO - 43
2021-04-22 21:37:34,638 - __main__ - INFO - 44
2021-04-22 21:37:34,638 - __main__ - INFO - 45
2021-04-22 21:37:34,638 - __main__ - INFO - 46
2021-04-22 21:37:34,638 - __main__ - INFO - 47
2021-04-22 21:37:34,639 - __main__ - INFO - 48
2021-04-22 21:37:34,639 - __main__ - INFO - 49
2021-04-22 21:37:34,639 - __main__ - INFO - 50
2021-04-22 21:37:34,639 - __main__ - INFO - 51
2021-04-22 21:37:34,639 - __main__ - INFO - 52
2021-04-22 21:37:34,639 - __main__ - INFO - 53
2021-04-22 21:37:34,639 - __main__ - INFO - 54
2021-04-22 21:37:34,639 - __main__ - INFO - 55
2021-04-22 21:37:34,639 - __main__ - INFO - 56
2021-04-22 21:37:34,639 - __main__ - INFO - 57
2021-04-22 21:37:34,639 - __main__ - INFO - 58
2021-04-22 21:37:34,639 - __main__ - INFO - 59
2021-04-22 21:37:34,639 - __main__ - INFO - 60
2021-04-22 21:37:34,639 - __main__ - INFO - 61
2021-04-22 21:37:34,639 - __main__ - INFO - 62
2021-04-22 21:37:34,639 - __main__ - INFO - 63
2021-04-22 21:37:34,639 - __main__ - INFO - 64
2021-04-22 21:37:34,639 - __main__ - INFO - 65
2021-04-22 21:37:34,639 - __main__ - INFO - 66
2021-04-22 21:37:34,639 - __main__ - INFO - 67
2021-04-22 21:37:34,639 - __main__ - INFO - 68
2021-04-22 21:37:34,639 - __main__ - INFO - 69
2021-04-22 21:37:34,640 - __main__ - INFO - 70
2021-04-22 21:37:34,640 - __main__ - INFO - 71
2021-04-22 21:37:34,640 - __main__ - INFO - 72
2021-04-22 21:37:34,640 - __main__ - INFO - 73
2021-04-22 21:37:34,640 - __main__ - INFO - 74
2021-04-22 21:37:34,640 - __main__ - INFO - 75
2021-04-22 21:37:34,640 - __main__ - INFO - 76
2021-04-22 21:37:34,640 - __main__ - INFO - 77
2021-04-22 21:37:34,640 - __main__ - INFO - 78
2021-04-22 21:37:34,640 - __main__ - INFO - 79
2021-04-22 21:37:34,640 - __main__ - INFO - 80
2021-04-22 21:37:34,640 - __main__ - INFO - 81
2021-04-22 21:37:34,640 - __main__ - INFO - 82
2021-04-22 21:37:34,640 - __main__ - INFO - 83
2021-04-22 21:37:34,640 - __main__ - INFO - 84
2021-04-22 21:37:34,640 - __main__ - INFO - 85
2021-04-22 21:37:34,641 - __main__ - INFO - 86
2021-04-22 21:37:34,641 - __main__ - INFO - 87
2021-04-22 21:37:34,641 - __main__ - INFO - 88
2021-04-22 21:37:34,641 - __main__ - INFO - 89
2021-04-22 21:37:34,641 - __main__ - INFO - 90
2021-04-22 21:37:34,641 - __main__ - INFO - 91
2021-04-22 21:37:34,641 - __main__ - INFO - 92
2021-04-22 21:37:34,641 - __main__ - INFO - 93
2021-04-22 21:37:34,641 - __main__ - INFO - 94
2021-04-22 21:37:34,641 - __main__ - INFO - 95
2021-04-22 21:37:34,641 - __main__ - INFO - 96
2021-04-22 21:37:34,641 - __main__ - INFO - 97
2021-04-22 21:37:34,641 - __main__ - INFO - 98
2021-04-22 21:37:34,642 - __main__ - INFO - 99
